<?xml version="1.0" encoding="UTF-8"?>
<robot generator="Robot 3.1.2 (Python 3.7.4 on win32)" generated="20190828 23:47:54.214" rpa="false">
<suite id="s1" name="Mercury" source="C:\Users\vikgaur\PycharmProjects\RobotAutomation\Test\TestSuite\Mercury.robot">
<test id="s1-t1" name="TestCase1: Open Browser Mercury Website and close it">
<kw name="Open Mercury Website and Maxmize">
<kw name="Open Browser" library="Selenium2Library">
<doc>Opens a new browser instance to the given ``url``.</doc>
<arguments>
<arg>${URL}</arg>
<arg>${Browser}</arg>
</arguments>
<msg timestamp="20190828 23:47:54.752" level="INFO">Opening browser 'Firefox' to base url 'http://newtours.demoaut.com'.</msg>
<status status="PASS" starttime="20190828 23:47:54.752" endtime="20190828 23:48:19.127"></status>
</kw>
<kw name="Maximize Browser Window" library="Selenium2Library">
<doc>Maximizes current browser window.</doc>
<status status="PASS" starttime="20190828 23:48:19.128" endtime="20190828 23:48:19.174"></status>
</kw>
<kw name="Log To Console" library="BuiltIn">
<doc>Logs the given message to the console.</doc>
<arguments>
<arg>Message: Browser Open and Maximize</arg>
</arguments>
<status status="PASS" starttime="20190828 23:48:19.175" endtime="20190828 23:48:19.180"></status>
</kw>
<status status="PASS" starttime="20190828 23:47:54.752" endtime="20190828 23:48:19.180"></status>
</kw>
<kw name="Verify Home Webpage Title" library="MercuryKeywords">
<kw name="Title Should Be" library="Selenium2Library">
<doc>Verifies that current page title equals ``title``.</doc>
<arguments>
<arg>${HomeTitle}</arg>
</arguments>
<msg timestamp="20190828 23:48:19.200" level="INFO">Page title is 'Welcome: Mercury Tours'.</msg>
<status status="PASS" starttime="20190828 23:48:19.185" endtime="20190828 23:48:19.200"></status>
</kw>
<status status="PASS" starttime="20190828 23:48:19.184" endtime="20190828 23:48:19.200"></status>
</kw>
<kw name="Close the Browser">
<kw name="Close Browser" library="Selenium2Library">
<doc>Closes the current browser.</doc>
<status status="PASS" starttime="20190828 23:48:19.201" endtime="20190828 23:48:23.526"></status>
</kw>
<status status="PASS" starttime="20190828 23:48:19.200" endtime="20190828 23:48:23.526"></status>
</kw>
<status status="PASS" starttime="20190828 23:47:54.752" endtime="20190828 23:48:23.526" critical="yes"></status>
</test>
<test id="s1-t2" name="TestCase2: Mercury Valid Login Credential">
<kw name="Open Mercury Website and Maxmize">
<kw name="Open Browser" library="Selenium2Library">
<doc>Opens a new browser instance to the given ``url``.</doc>
<arguments>
<arg>${URL}</arg>
<arg>${Browser}</arg>
</arguments>
<msg timestamp="20190828 23:48:23.530" level="INFO">Opening browser 'Firefox' to base url 'http://newtours.demoaut.com'.</msg>
<status status="PASS" starttime="20190828 23:48:23.530" endtime="20190828 23:48:48.172"></status>
</kw>
<kw name="Maximize Browser Window" library="Selenium2Library">
<doc>Maximizes current browser window.</doc>
<status status="PASS" starttime="20190828 23:48:48.172" endtime="20190828 23:48:48.190"></status>
</kw>
<kw name="Log To Console" library="BuiltIn">
<doc>Logs the given message to the console.</doc>
<arguments>
<arg>Message: Browser Open and Maximize</arg>
</arguments>
<status status="PASS" starttime="20190828 23:48:48.190" endtime="20190828 23:48:48.191"></status>
</kw>
<status status="PASS" starttime="20190828 23:48:23.530" endtime="20190828 23:48:48.191"></status>
</kw>
<kw name="Verify Home Page Title">
<kw name="Title Should Be" library="Selenium2Library">
<doc>Verifies that current page title equals ``title``.</doc>
<arguments>
<arg>${HomeTitle}</arg>
</arguments>
<msg timestamp="20190828 23:48:48.206" level="INFO">Page title is 'Welcome: Mercury Tours'.</msg>
<status status="PASS" starttime="20190828 23:48:48.192" endtime="20190828 23:48:48.207"></status>
</kw>
<kw name="Log To Console" library="BuiltIn">
<doc>Logs the given message to the console.</doc>
<arguments>
<arg>Home Page Opened</arg>
</arguments>
<status status="PASS" starttime="20190828 23:48:48.207" endtime="20190828 23:48:48.209"></status>
</kw>
<status status="PASS" starttime="20190828 23:48:48.191" endtime="20190828 23:48:48.210"></status>
</kw>
<kw name="Click on Sign On Link">
<kw name="Click Element" library="Selenium2Library">
<doc>Click element identified by ``locator``.</doc>
<arguments>
<arg>link:SIGN-ON</arg>
</arguments>
<msg timestamp="20190828 23:48:48.212" level="INFO">Clicking element 'link:SIGN-ON'.</msg>
<status status="PASS" starttime="20190828 23:48:48.211" endtime="20190828 23:48:49.092"></status>
</kw>
<status status="PASS" starttime="20190828 23:48:48.210" endtime="20190828 23:48:49.093"></status>
</kw>
<kw name="Verify Sign On Page Title">
<kw name="Title Should Be" library="Selenium2Library">
<doc>Verifies that current page title equals ``title``.</doc>
<arguments>
<arg>${SignOnTitle}</arg>
</arguments>
<msg timestamp="20190828 23:48:49.105" level="INFO">Page title is 'Sign-on: Mercury Tours'.</msg>
<status status="PASS" starttime="20190828 23:48:49.095" endtime="20190828 23:48:49.106"></status>
</kw>
<kw name="Log To Console" library="BuiltIn">
<doc>Logs the given message to the console.</doc>
<arguments>
<arg>Sign On Page Opened</arg>
</arguments>
<status status="PASS" starttime="20190828 23:48:49.106" endtime="20190828 23:48:49.106"></status>
</kw>
<status status="PASS" starttime="20190828 23:48:49.094" endtime="20190828 23:48:49.106"></status>
</kw>
<kw name="Enter Valid UserName Password">
<kw name="Input Text" library="Selenium2Library">
<doc>Types the given ``text`` into text field identified by ``locator``.</doc>
<arguments>
<arg>name:userName</arg>
<arg>mercury</arg>
</arguments>
<msg timestamp="20190828 23:48:49.108" level="INFO">Typing text 'mercury' into text field 'name:userName'.</msg>
<status status="PASS" starttime="20190828 23:48:49.107" endtime="20190828 23:48:49.157"></status>
</kw>
<kw name="Input Text" library="Selenium2Library">
<doc>Types the given ``text`` into text field identified by ``locator``.</doc>
<arguments>
<arg>name:password</arg>
<arg>mercury</arg>
</arguments>
<msg timestamp="20190828 23:48:49.158" level="INFO">Typing text 'mercury' into text field 'name:password'.</msg>
<status status="PASS" starttime="20190828 23:48:49.158" endtime="20190828 23:48:49.199"></status>
</kw>
<status status="PASS" starttime="20190828 23:48:49.107" endtime="20190828 23:48:49.199"></status>
</kw>
<kw name="Click on Submit">
<kw name="Click Element" library="Selenium2Library">
<doc>Click element identified by ``locator``.</doc>
<arguments>
<arg>name:login</arg>
</arguments>
<msg timestamp="20190828 23:48:49.200" level="INFO">Clicking element 'name:login'.</msg>
<status status="PASS" starttime="20190828 23:48:49.200" endtime="20190828 23:48:54.436"></status>
</kw>
<status status="PASS" starttime="20190828 23:48:49.200" endtime="20190828 23:48:54.436"></status>
</kw>
<kw name="Sleep" library="BuiltIn">
<doc>Pauses the test executed for the given time.</doc>
<arguments>
<arg>${timeout}</arg>
</arguments>
<msg timestamp="20190828 23:50:54.436" level="INFO">Slept 2 minutes</msg>
<status status="PASS" starttime="20190828 23:48:54.436" endtime="20190828 23:50:54.436"></status>
</kw>
<kw name="Verify Flight Finder Page Title">
<kw name="Title Should Be" library="Selenium2Library">
<doc>Verifies that current page title equals ``title``.</doc>
<arguments>
<arg>${FindFlightTitle}</arg>
</arguments>
<msg timestamp="20190828 23:50:54.484" level="INFO">Page title is 'Find a Flight: Mercury Tours:'.</msg>
<status status="PASS" starttime="20190828 23:50:54.440" endtime="20190828 23:50:54.484"></status>
</kw>
<kw name="Log To Console" library="BuiltIn">
<doc>Logs the given message to the console.</doc>
<arguments>
<arg>Flight Finder Page Opened</arg>
</arguments>
<status status="PASS" starttime="20190828 23:50:54.484" endtime="20190828 23:50:54.488"></status>
</kw>
<status status="PASS" starttime="20190828 23:50:54.436" endtime="20190828 23:50:54.488"></status>
</kw>
<kw name="Click on Sign Off Link">
<kw name="Click Element" library="Selenium2Library">
<doc>Click element identified by ``locator``.</doc>
<arguments>
<arg>link:SIGN-OFF</arg>
</arguments>
<msg timestamp="20190828 23:50:54.496" level="INFO">Clicking element 'link:SIGN-OFF'.</msg>
<status status="PASS" starttime="20190828 23:50:54.492" endtime="20190828 23:50:56.282"></status>
</kw>
<status status="PASS" starttime="20190828 23:50:54.492" endtime="20190828 23:50:56.282"></status>
</kw>
<kw name="Verify Sign On Page Title">
<kw name="Title Should Be" library="Selenium2Library">
<doc>Verifies that current page title equals ``title``.</doc>
<arguments>
<arg>${SignOnTitle}</arg>
</arguments>
<msg timestamp="20190828 23:50:56.302" level="INFO">Page title is 'Sign-on: Mercury Tours'.</msg>
<status status="PASS" starttime="20190828 23:50:56.290" endtime="20190828 23:50:56.302"></status>
</kw>
<kw name="Log To Console" library="BuiltIn">
<doc>Logs the given message to the console.</doc>
<arguments>
<arg>Sign On Page Opened</arg>
</arguments>
<status status="PASS" starttime="20190828 23:50:56.306" endtime="20190828 23:50:56.306"></status>
</kw>
<status status="PASS" starttime="20190828 23:50:56.286" endtime="20190828 23:50:56.306"></status>
</kw>
<kw name="Close the Browser" type="teardown">
<kw name="Close Browser" library="Selenium2Library">
<doc>Closes the current browser.</doc>
<status status="PASS" starttime="20190828 23:50:56.310" endtime="20190828 23:50:58.044"></status>
</kw>
<status status="PASS" starttime="20190828 23:50:56.310" endtime="20190828 23:50:58.044"></status>
</kw>
<doc>This is verify valid login Mercury Tour Page</doc>
<status status="PASS" starttime="20190828 23:48:23.530" endtime="20190828 23:50:58.044" critical="yes"></status>
</test>
<test id="s1-t3" name="TestCase3: Mercury Invalid Login Credential">
<kw name="Open Mercury Website and Maxmize">
<kw name="Open Browser" library="Selenium2Library">
<doc>Opens a new browser instance to the given ``url``.</doc>
<arguments>
<arg>${URL}</arg>
<arg>${Browser}</arg>
</arguments>
<msg timestamp="20190828 23:50:58.044" level="INFO">Opening browser 'Firefox' to base url 'http://newtours.demoaut.com'.</msg>
<status status="PASS" starttime="20190828 23:50:58.044" endtime="20190828 23:51:21.220"></status>
</kw>
<kw name="Maximize Browser Window" library="Selenium2Library">
<doc>Maximizes current browser window.</doc>
<status status="PASS" starttime="20190828 23:51:21.220" endtime="20190828 23:51:21.242"></status>
</kw>
<kw name="Log To Console" library="BuiltIn">
<doc>Logs the given message to the console.</doc>
<arguments>
<arg>Message: Browser Open and Maximize</arg>
</arguments>
<status status="PASS" starttime="20190828 23:51:21.243" endtime="20190828 23:51:21.247"></status>
</kw>
<status status="PASS" starttime="20190828 23:50:58.044" endtime="20190828 23:51:21.248"></status>
</kw>
<kw name="Verify Home Page Title">
<kw name="Title Should Be" library="Selenium2Library">
<doc>Verifies that current page title equals ``title``.</doc>
<arguments>
<arg>${HomeTitle}</arg>
</arguments>
<msg timestamp="20190828 23:51:21.263" level="INFO">Page title is 'Welcome: Mercury Tours'.</msg>
<status status="PASS" starttime="20190828 23:51:21.250" endtime="20190828 23:51:21.263"></status>
</kw>
<kw name="Log To Console" library="BuiltIn">
<doc>Logs the given message to the console.</doc>
<arguments>
<arg>Home Page Opened</arg>
</arguments>
<status status="PASS" starttime="20190828 23:51:21.264" endtime="20190828 23:51:21.265"></status>
</kw>
<status status="PASS" starttime="20190828 23:51:21.249" endtime="20190828 23:51:21.265"></status>
</kw>
<kw name="Click on Sign On Link">
<kw name="Click Element" library="Selenium2Library">
<doc>Click element identified by ``locator``.</doc>
<arguments>
<arg>link:SIGN-ON</arg>
</arguments>
<msg timestamp="20190828 23:51:21.266" level="INFO">Clicking element 'link:SIGN-ON'.</msg>
<status status="PASS" starttime="20190828 23:51:21.266" endtime="20190828 23:51:22.270"></status>
</kw>
<status status="PASS" starttime="20190828 23:51:21.265" endtime="20190828 23:51:22.270"></status>
</kw>
<kw name="Verify Sign On Page Title">
<kw name="Title Should Be" library="Selenium2Library">
<doc>Verifies that current page title equals ``title``.</doc>
<arguments>
<arg>${SignOnTitle}</arg>
</arguments>
<msg timestamp="20190828 23:51:22.291" level="INFO">Page title is 'Sign-on: Mercury Tours'.</msg>
<status status="PASS" starttime="20190828 23:51:22.276" endtime="20190828 23:51:22.291"></status>
</kw>
<kw name="Log To Console" library="BuiltIn">
<doc>Logs the given message to the console.</doc>
<arguments>
<arg>Sign On Page Opened</arg>
</arguments>
<status status="PASS" starttime="20190828 23:51:22.292" endtime="20190828 23:51:22.292"></status>
</kw>
<status status="PASS" starttime="20190828 23:51:22.275" endtime="20190828 23:51:22.292"></status>
</kw>
<kw name="Enter Invalid UserName Password">
<kw name="Input Text" library="Selenium2Library">
<doc>Types the given ``text`` into text field identified by ``locator``.</doc>
<arguments>
<arg>name:userName</arg>
<arg>mercury1</arg>
</arguments>
<msg timestamp="20190828 23:51:22.293" level="INFO">Typing text 'mercury1' into text field 'name:userName'.</msg>
<status status="PASS" starttime="20190828 23:51:22.293" endtime="20190828 23:51:22.340"></status>
</kw>
<kw name="Input Text" library="Selenium2Library">
<doc>Types the given ``text`` into text field identified by ``locator``.</doc>
<arguments>
<arg>name:password</arg>
<arg>mercury1</arg>
</arguments>
<msg timestamp="20190828 23:51:22.340" level="INFO">Typing text 'mercury1' into text field 'name:password'.</msg>
<status status="PASS" starttime="20190828 23:51:22.340" endtime="20190828 23:51:22.375"></status>
</kw>
<status status="PASS" starttime="20190828 23:51:22.293" endtime="20190828 23:51:22.375"></status>
</kw>
<kw name="Click on Submit">
<kw name="Click Element" library="Selenium2Library">
<doc>Click element identified by ``locator``.</doc>
<arguments>
<arg>name:login</arg>
</arguments>
<msg timestamp="20190828 23:51:22.376" level="INFO">Clicking element 'name:login'.</msg>
<status status="PASS" starttime="20190828 23:51:22.376" endtime="20190828 23:51:27.624"></status>
</kw>
<status status="PASS" starttime="20190828 23:51:22.376" endtime="20190828 23:51:27.624"></status>
</kw>
<kw name="Verify Sign On Page Title">
<kw name="Title Should Be" library="Selenium2Library">
<doc>Verifies that current page title equals ``title``.</doc>
<arguments>
<arg>${SignOnTitle}</arg>
</arguments>
<msg timestamp="20190828 23:51:27.652" level="INFO">Page title is 'Sign-on: Mercury Tours'.</msg>
<status status="PASS" starttime="20190828 23:51:27.628" endtime="20190828 23:51:27.652"></status>
</kw>
<kw name="Log To Console" library="BuiltIn">
<doc>Logs the given message to the console.</doc>
<arguments>
<arg>Sign On Page Opened</arg>
</arguments>
<status status="PASS" starttime="20190828 23:51:27.652" endtime="20190828 23:51:27.656"></status>
</kw>
<status status="PASS" starttime="20190828 23:51:27.624" endtime="20190828 23:51:27.656"></status>
</kw>
<kw name="Close the Browser" type="teardown">
<kw name="Close Browser" library="Selenium2Library">
<doc>Closes the current browser.</doc>
<status status="PASS" starttime="20190828 23:51:27.656" endtime="20190828 23:51:30.856"></status>
</kw>
<status status="PASS" starttime="20190828 23:51:27.656" endtime="20190828 23:51:30.856"></status>
</kw>
<doc>This is verify valid login Mercury Tour Page</doc>
<status status="PASS" starttime="20190828 23:50:58.044" endtime="20190828 23:51:30.856" critical="yes"></status>
</test>
<test id="s1-t4" name="TestCase3: Mercury Login &amp; One Way flight Booking">
<kw name="Open Mercury Website and Maxmize">
<kw name="Open Browser" library="Selenium2Library">
<doc>Opens a new browser instance to the given ``url``.</doc>
<arguments>
<arg>${URL}</arg>
<arg>${Browser}</arg>
</arguments>
<msg timestamp="20190828 23:51:30.860" level="INFO">Opening browser 'Firefox' to base url 'http://newtours.demoaut.com'.</msg>
<status status="PASS" starttime="20190828 23:51:30.860" endtime="20190828 23:51:53.644"></status>
</kw>
<kw name="Maximize Browser Window" library="Selenium2Library">
<doc>Maximizes current browser window.</doc>
<status status="PASS" starttime="20190828 23:51:53.644" endtime="20190828 23:51:53.705"></status>
</kw>
<kw name="Log To Console" library="BuiltIn">
<doc>Logs the given message to the console.</doc>
<arguments>
<arg>Message: Browser Open and Maximize</arg>
</arguments>
<status status="PASS" starttime="20190828 23:51:53.705" endtime="20190828 23:51:53.741"></status>
</kw>
<status status="PASS" starttime="20190828 23:51:30.860" endtime="20190828 23:51:53.741"></status>
</kw>
<kw name="Verify Home Page Title">
<kw name="Title Should Be" library="Selenium2Library">
<doc>Verifies that current page title equals ``title``.</doc>
<arguments>
<arg>${HomeTitle}</arg>
</arguments>
<msg timestamp="20190828 23:51:53.991" level="INFO">Page title is 'Welcome: Mercury Tours'.</msg>
<status status="PASS" starttime="20190828 23:51:53.929" endtime="20190828 23:51:53.991"></status>
</kw>
<kw name="Log To Console" library="BuiltIn">
<doc>Logs the given message to the console.</doc>
<arguments>
<arg>Home Page Opened</arg>
</arguments>
<status status="PASS" starttime="20190828 23:51:53.991" endtime="20190828 23:51:53.999"></status>
</kw>
<status status="PASS" starttime="20190828 23:51:53.929" endtime="20190828 23:51:54.003"></status>
</kw>
<kw name="Click on Sign On Link">
<kw name="Click Element" library="Selenium2Library">
<doc>Click element identified by ``locator``.</doc>
<arguments>
<arg>link:SIGN-ON</arg>
</arguments>
<msg timestamp="20190828 23:51:54.013" level="INFO">Clicking element 'link:SIGN-ON'.</msg>
<status status="PASS" starttime="20190828 23:51:54.011" endtime="20190828 23:51:57.178"></status>
</kw>
<status status="PASS" starttime="20190828 23:51:54.007" endtime="20190828 23:51:57.182"></status>
</kw>
<kw name="Verify Sign On Page Title">
<kw name="Title Should Be" library="Selenium2Library">
<doc>Verifies that current page title equals ``title``.</doc>
<arguments>
<arg>${SignOnTitle}</arg>
</arguments>
<msg timestamp="20190828 23:51:57.214" level="INFO">Page title is 'Sign-on: Mercury Tours'.</msg>
<status status="PASS" starttime="20190828 23:51:57.186" endtime="20190828 23:51:57.214"></status>
</kw>
<kw name="Log To Console" library="BuiltIn">
<doc>Logs the given message to the console.</doc>
<arguments>
<arg>Sign On Page Opened</arg>
</arguments>
<status status="PASS" starttime="20190828 23:51:57.218" endtime="20190828 23:51:57.218"></status>
</kw>
<status status="PASS" starttime="20190828 23:51:57.182" endtime="20190828 23:51:57.218"></status>
</kw>
<kw name="Enter Valid UserName Password">
<kw name="Input Text" library="Selenium2Library">
<doc>Types the given ``text`` into text field identified by ``locator``.</doc>
<arguments>
<arg>name:userName</arg>
<arg>mercury</arg>
</arguments>
<msg timestamp="20190828 23:51:57.218" level="INFO">Typing text 'mercury' into text field 'name:userName'.</msg>
<status status="PASS" starttime="20190828 23:51:57.218" endtime="20190828 23:51:57.334"></status>
</kw>
<kw name="Input Text" library="Selenium2Library">
<doc>Types the given ``text`` into text field identified by ``locator``.</doc>
<arguments>
<arg>name:password</arg>
<arg>mercury</arg>
</arguments>
<msg timestamp="20190828 23:51:57.334" level="INFO">Typing text 'mercury' into text field 'name:password'.</msg>
<status status="PASS" starttime="20190828 23:51:57.334" endtime="20190828 23:51:57.411"></status>
</kw>
<status status="PASS" starttime="20190828 23:51:57.218" endtime="20190828 23:51:57.411"></status>
</kw>
<kw name="Click on Submit">
<kw name="Click Element" library="Selenium2Library">
<doc>Click element identified by ``locator``.</doc>
<arguments>
<arg>name:login</arg>
</arguments>
<msg timestamp="20190828 23:51:57.415" level="INFO">Clicking element 'name:login'.</msg>
<status status="PASS" starttime="20190828 23:51:57.415" endtime="20190828 23:52:02.688"></status>
</kw>
<status status="PASS" starttime="20190828 23:51:57.415" endtime="20190828 23:52:02.692"></status>
</kw>
<kw name="Sleep" library="BuiltIn">
<doc>Pauses the test executed for the given time.</doc>
<arguments>
<arg>${timeout}</arg>
</arguments>
<msg timestamp="20190828 23:54:02.702" level="INFO">Slept 2 minutes</msg>
<status status="PASS" starttime="20190828 23:52:02.700" endtime="20190828 23:54:02.702"></status>
</kw>
<kw name="Verify Flight Finder Page Title">
<kw name="Title Should Be" library="Selenium2Library">
<doc>Verifies that current page title equals ``title``.</doc>
<arguments>
<arg>${FindFlightTitle}</arg>
</arguments>
<msg timestamp="20190828 23:54:02.750" level="INFO">Page title is 'Find a Flight: Mercury Tours:'.</msg>
<status status="PASS" starttime="20190828 23:54:02.706" endtime="20190828 23:54:02.754"></status>
</kw>
<kw name="Log To Console" library="BuiltIn">
<doc>Logs the given message to the console.</doc>
<arguments>
<arg>Flight Finder Page Opened</arg>
</arguments>
<status status="PASS" starttime="20190828 23:54:02.754" endtime="20190828 23:54:02.754"></status>
</kw>
<status status="PASS" starttime="20190828 23:54:02.702" endtime="20190828 23:54:02.758"></status>
</kw>
<kw name="Select One Way Option">
<kw name="Select Radio Button" library="Selenium2Library">
<doc>Sets radio button group ``group_name`` to ``value``.</doc>
<arguments>
<arg>name:tripType</arg>
</arguments>
<msg timestamp="20190828 23:54:02.758" level="FAIL">Keyword 'Selenium2Library.Select Radio Button' expected 2 arguments, got 1.</msg>
<status status="FAIL" starttime="20190828 23:54:02.758" endtime="20190828 23:54:02.758"></status>
</kw>
<status status="FAIL" starttime="20190828 23:54:02.758" endtime="20190828 23:54:02.762"></status>
</kw>
<kw name="Close the Browser" type="teardown">
<kw name="Close Browser" library="Selenium2Library">
<doc>Closes the current browser.</doc>
<status status="PASS" starttime="20190828 23:54:02.762" endtime="20190828 23:54:05.006"></status>
</kw>
<status status="PASS" starttime="20190828 23:54:02.762" endtime="20190828 23:54:05.006"></status>
</kw>
<doc>This is to Mercury Login &amp; One Way flight Booking</doc>
<status status="FAIL" starttime="20190828 23:51:30.860" endtime="20190828 23:54:05.006" critical="yes">Keyword 'Selenium2Library.Select Radio Button' expected 2 arguments, got 1.</status>
</test>
<doc>Testing Mercury Tours Website</doc>
<status status="FAIL" starttime="20190828 23:47:54.218" endtime="20190828 23:54:05.010"></status>
</suite>
<statistics>
<total>
<stat pass="3" fail="1">Critical Tests</stat>
<stat pass="3" fail="1">All Tests</stat>
</total>
<tag>
</tag>
<suite>
<stat pass="3" fail="1" id="s1" name="Mercury">Mercury</stat>
</suite>
</statistics>
<errors>
</errors>
</robot>
