<?xml version="1.0" encoding="UTF-8"?>
<robot generator="Robot 3.1.2 (Python 3.7.4 on win32)" generated="20200117 16:48:56.637" rpa="false">
<suite id="s1" name="automationpractice.comSuite" source="C:\Users\vikgaur\PycharmProjects\RobotAutomation\Test\TestSuite\automationpractice.comSuite.robot">
<test id="s1-t1" name="TestCase1: Open Browser Mercury Website &amp; make registration and close the browser">
<kw name="Open Automationpractice.com Website and Maxmize" library="Common_Automationpractice.com">
<kw name="Open Browser" library="Selenium2Library">
<doc>Opens a new browser instance to the given ``url``.</doc>
<arguments>
<arg>${URL}</arg>
<arg>${Browser}</arg>
</arguments>
<msg timestamp="20200117 16:48:57.965" level="INFO">Opening browser 'Firefox' to base url 'http://automationpractice.com/index.php'.</msg>
<status status="PASS" starttime="20200117 16:48:57.965" endtime="20200117 16:49:26.988"></status>
</kw>
<kw name="Maximize Browser Window" library="Selenium2Library">
<doc>Maximizes current browser window.</doc>
<status status="PASS" starttime="20200117 16:49:26.992" endtime="20200117 16:49:27.028"></status>
</kw>
<kw name="Log To Console" library="BuiltIn">
<doc>Logs the given message to the console.</doc>
<arguments>
<arg>Message: Browser Open successfully with website www.automationpractice.com and Maximize Browser</arg>
</arguments>
<status status="PASS" starttime="20200117 16:49:27.028" endtime="20200117 16:49:27.028"></status>
</kw>
<status status="PASS" starttime="20200117 16:48:57.965" endtime="20200117 16:49:27.028"></status>
</kw>
<kw name="Verify Home Webpage Title" library="Common_Automationpractice.com">
<kw name="Title Should Be" library="Selenium2Library">
<doc>Verifies that current page title equals ``title``.</doc>
<arguments>
<arg>${HomePageTitle}</arg>
</arguments>
<msg timestamp="20200117 16:49:27.068" level="INFO">Page title is 'My Store'.</msg>
<status status="PASS" starttime="20200117 16:49:27.032" endtime="20200117 16:49:27.068"></status>
</kw>
<kw name="Log To Console" library="BuiltIn">
<doc>Logs the given message to the console.</doc>
<arguments>
<arg>Home Page Correctly opened with title name ${HomePageTitle}</arg>
</arguments>
<status status="PASS" starttime="20200117 16:49:27.068" endtime="20200117 16:49:27.072"></status>
</kw>
<status status="PASS" starttime="20200117 16:49:27.028" endtime="20200117 16:49:27.072"></status>
</kw>
<kw name="Click on Sign IN menu" library="Keywords_Automationpractice.com">
<kw name="Click Element" library="Selenium2Library">
<doc>Click element identified by ``locator``.</doc>
<arguments>
<arg>${SignIN}</arg>
</arguments>
<msg timestamp="20200117 16:49:27.072" level="INFO">Clicking element 'xpath=//*[@id="header"]/div[2]/div/div/nav/div[1]/a'.</msg>
<status status="PASS" starttime="20200117 16:49:27.072" endtime="20200117 16:49:30.443"></status>
</kw>
<status status="PASS" starttime="20200117 16:49:27.072" endtime="20200117 16:49:30.443"></status>
</kw>
<kw name="Enter email id under create an account section" library="Keywords_Automationpractice.com">
<kw name="Input Text" library="Selenium2Library">
<doc>Types the given ``text`` into text field identified by ``locator``.</doc>
<arguments>
<arg>${txtEmailID}</arg>
<arg>${U_EmailId}</arg>
</arguments>
<msg timestamp="20200117 16:49:30.443" level="INFO">Typing text 'XYZTEST@gmail.com' into text field 'xpath=//*[@id="email_create"]'.</msg>
<status status="PASS" starttime="20200117 16:49:30.443" endtime="20200117 16:49:30.583"></status>
</kw>
<status status="PASS" starttime="20200117 16:49:30.443" endtime="20200117 16:49:30.583"></status>
</kw>
<kw name="Click on Create an account button" library="Keywords_Automationpractice.com">
<kw name="Click Element" library="Selenium2Library">
<doc>Click element identified by ``locator``.</doc>
<arguments>
<arg>${btnCreateAccount}</arg>
</arguments>
<msg timestamp="20200117 16:49:30.583" level="INFO">Clicking element '//*[@id="SubmitCreate"]/span'.</msg>
<status status="PASS" starttime="20200117 16:49:30.583" endtime="20200117 16:49:30.875"></status>
</kw>
<status status="PASS" starttime="20200117 16:49:30.583" endtime="20200117 16:49:30.875"></status>
</kw>
<kw name="Enter Personal Information with required field" library="Keywords_Automationpractice.com">
<kw name="Wait Until Page Contains Element" library="Selenium2Library">
<doc>Waits until element ``locator`` appears on current page.</doc>
<arguments>
<arg>${btnSubmitAccount}</arg>
</arguments>
<kw name="Capture Page Screenshot" library="Selenium2Library">
<doc>Takes screenshot of the current page and embeds it into log file.</doc>
<msg timestamp="20200117 16:49:36.210" level="INFO" html="yes">&lt;/td&gt;&lt;/tr&gt;&lt;tr&gt;&lt;td colspan="3"&gt;&lt;a href="selenium-screenshot-1.png"&gt;&lt;img src="selenium-screenshot-1.png" width="800px"&gt;&lt;/a&gt;</msg>
<status status="PASS" starttime="20200117 16:49:35.986" endtime="20200117 16:49:36.210"></status>
</kw>
<msg timestamp="20200117 16:49:36.250" level="FAIL">Element 'xpath=//*[@id="submitAccount"]' did not appear in 5 seconds.</msg>
<status status="FAIL" starttime="20200117 16:49:30.879" endtime="20200117 16:49:36.250"></status>
</kw>
<status status="FAIL" starttime="20200117 16:49:30.875" endtime="20200117 16:49:36.250"></status>
</kw>
<doc>This is verify Sign Up www.automationpractice.com website</doc>
<tags>
<tag>SignUp</tag>
</tags>
<status status="FAIL" starttime="20200117 16:48:57.961" endtime="20200117 16:49:36.250" critical="yes">Element 'xpath=//*[@id="submitAccount"]' did not appear in 5 seconds.</status>
</test>
<doc>Testing automationpractice.com Website</doc>
<status status="FAIL" starttime="20200117 16:48:56.641" endtime="20200117 16:49:36.254"></status>
</suite>
<statistics>
<total>
<stat pass="0" fail="1">Critical Tests</stat>
<stat pass="0" fail="1">All Tests</stat>
</total>
<tag>
<stat pass="0" fail="1">SignUp</stat>
</tag>
<suite>
<stat pass="0" fail="1" id="s1" name="automationpractice.comSuite">automationpractice.comSuite</stat>
</suite>
</statistics>
<errors>
<msg timestamp="20200117 16:48:57.957" level="ERROR">Error in file 'C:\Users\vikgaur\PycharmProjects\RobotAutomation\Test\TestSuite\automationpractice.comSuite.robot': Variable file '..\Locators\Element_Automationpractice.com.py' does not exist.</msg>
</errors>
</robot>
