<?xml version="1.0" encoding="UTF-8"?>
<robot generator="Robot 3.1.2 (Python 3.7.4 on win32)" generated="20190914 13:30:59.184" rpa="false">
<suite id="s1" name="TestFire" source="C:\Users\vikgaur\PycharmProjects\RobotAutomation\demo.testfire.net\TestSuite\TestFire.robot">
<test id="s1-t1" name="TestCase1: Verify that AltoroMutual logo image at Home Page">
<kw name="Open demo.testfire.net website and Maxmize" library="Keyword_TestFire">
<kw name="Open Browser" library="Selenium2Library">
<doc>Opens a new browser instance to the given ``url``.</doc>
<arguments>
<arg>${URL}</arg>
<arg>${Browser}</arg>
</arguments>
<msg timestamp="20190914 13:30:59.810" level="INFO">Opening browser 'Firefox' to base url 'http://demo.testfire.net/login.jsp'.</msg>
<status status="PASS" starttime="20190914 13:30:59.810" endtime="20190914 13:31:26.288"></status>
</kw>
<kw name="Maximize Browser Window" library="Selenium2Library">
<doc>Maximizes current browser window.</doc>
<status status="PASS" starttime="20190914 13:31:26.292" endtime="20190914 13:31:26.302"></status>
</kw>
<kw name="Log To Console" library="BuiltIn">
<doc>Logs the given message to the console.</doc>
<arguments>
<arg>Message: Browser Open successfully with website www.demo.testfire.com and Maximize Browser</arg>
</arguments>
<status status="PASS" starttime="20190914 13:31:26.302" endtime="20190914 13:31:26.302"></status>
</kw>
<status status="PASS" starttime="20190914 13:30:59.810" endtime="20190914 13:31:26.306"></status>
</kw>
<kw name="Verify Home Webpage Title" library="Keyword_TestFire">
<kw name="Should Be Equal As Strings" library="BuiltIn">
<doc>Fails if objects are unequal after converting them to strings.</doc>
<arguments>
<arg>${HomePageTitle}</arg>
<arg>Altoro Mutual</arg>
</arguments>
<status status="PASS" starttime="20190914 13:31:26.306" endtime="20190914 13:31:26.306"></status>
</kw>
<kw name="Log To Console" library="BuiltIn">
<doc>Logs the given message to the console.</doc>
<arguments>
<arg>Home Page Matched</arg>
</arguments>
<status status="PASS" starttime="20190914 13:31:26.306" endtime="20190914 13:31:26.310"></status>
</kw>
<status status="PASS" starttime="20190914 13:31:26.306" endtime="20190914 13:31:26.310"></status>
</kw>
<kw name="Close the Browser" library="Keyword_TestFire" type="teardown">
<kw name="Close Browser" library="Selenium2Library">
<doc>Closes the current browser.</doc>
<status status="PASS" starttime="20190914 13:31:26.310" endtime="20190914 13:31:29.991"></status>
</kw>
<status status="PASS" starttime="20190914 13:31:26.310" endtime="20190914 13:31:29.991"></status>
</kw>
<doc>This is Verify that AltoroMutual logo image on 'http://demo.testfire.net/login' website</doc>
<tags>
<tag>AltoroMutual_logo</tag>
</tags>
<status status="PASS" starttime="20190914 13:30:59.806" endtime="20190914 13:31:29.995" critical="yes"></status>
</test>
<test id="s1-t2" name="TestCase2: Verify that All 4 Tabs available ONLINE BANKING LOGIN, PERSONAL, SMALL BUSINESS and INSIDE ALTORO MUTUAL at Home Page">
<kw name="Open demo.testfire.net website and Maxmize" library="Keyword_TestFire">
<kw name="Open Browser" library="Selenium2Library">
<doc>Opens a new browser instance to the given ``url``.</doc>
<arguments>
<arg>${URL}</arg>
<arg>${Browser}</arg>
</arguments>
<msg timestamp="20190914 13:31:29.999" level="INFO">Opening browser 'Firefox' to base url 'http://demo.testfire.net/login.jsp'.</msg>
<status status="PASS" starttime="20190914 13:31:29.999" endtime="20190914 13:31:54.406"></status>
</kw>
<kw name="Maximize Browser Window" library="Selenium2Library">
<doc>Maximizes current browser window.</doc>
<status status="PASS" starttime="20190914 13:31:54.406" endtime="20190914 13:31:54.418"></status>
</kw>
<kw name="Log To Console" library="BuiltIn">
<doc>Logs the given message to the console.</doc>
<arguments>
<arg>Message: Browser Open successfully with website www.demo.testfire.com and Maximize Browser</arg>
</arguments>
<status status="PASS" starttime="20190914 13:31:54.418" endtime="20190914 13:31:54.475"></status>
</kw>
<status status="PASS" starttime="20190914 13:31:29.999" endtime="20190914 13:31:54.475"></status>
</kw>
<kw name="Verify Home Webpage Title" library="Keyword_TestFire">
<kw name="Should Be Equal As Strings" library="BuiltIn">
<doc>Fails if objects are unequal after converting them to strings.</doc>
<arguments>
<arg>${HomePageTitle}</arg>
<arg>Altoro Mutual</arg>
</arguments>
<status status="PASS" starttime="20190914 13:31:54.479" endtime="20190914 13:31:54.479"></status>
</kw>
<kw name="Log To Console" library="BuiltIn">
<doc>Logs the given message to the console.</doc>
<arguments>
<arg>Home Page Matched</arg>
</arguments>
<status status="PASS" starttime="20190914 13:31:54.479" endtime="20190914 13:31:54.479"></status>
</kw>
<status status="PASS" starttime="20190914 13:31:54.479" endtime="20190914 13:31:54.479"></status>
</kw>
<kw name="Verify ONLINE BANKING LOGIN link is available" library="Keyword_TestFire">
<kw name="Get Text" library="Selenium2Library">
<doc>Returns the text value of element identified by ``locator``.</doc>
<arguments>
<arg>${linkOnlineBankingLoginTab}</arg>
</arguments>
<assign>
<var>${linkOnlineBankingLogin}</var>
</assign>
<msg timestamp="20190914 13:31:54.583" level="INFO">${linkOnlineBankingLogin} = ONLINE BANKING LOGIN</msg>
<status status="PASS" starttime="20190914 13:31:54.483" endtime="20190914 13:31:54.583"></status>
</kw>
<kw name="Run Keyword If" library="BuiltIn">
<doc>Runs the given keyword with the given arguments, if ``condition`` is true.</doc>
<arguments>
<arg>'${linkOnlineBankingLogin}'=='ONLINE BANKING LOGIN'</arg>
<arg>Log To Console</arg>
<arg>Online Banking Login Link available</arg>
<arg>ELSE</arg>
<arg>Log To Console</arg>
<arg>Online Banking Login Link is NOT available</arg>
</arguments>
<kw name="Log To Console" library="BuiltIn">
<doc>Logs the given message to the console.</doc>
<arguments>
<arg>Online Banking Login Link available</arg>
</arguments>
<status status="PASS" starttime="20190914 13:31:54.583" endtime="20190914 13:31:54.593"></status>
</kw>
<status status="PASS" starttime="20190914 13:31:54.583" endtime="20190914 13:31:54.593"></status>
</kw>
<status status="PASS" starttime="20190914 13:31:54.479" endtime="20190914 13:31:54.593"></status>
</kw>
<kw name="Click on ONLINE BANKING LOGIN link" library="Keyword_TestFire">
<kw name="Click Element" library="Selenium2Library">
<doc>Click element identified by ``locator``.</doc>
<arguments>
<arg>${linkOnlineBankingLoginTab}</arg>
</arguments>
<msg timestamp="20190914 13:31:54.596" level="INFO">Clicking element 'xpath=//*[@id="AccountLink"]'.</msg>
<status status="PASS" starttime="20190914 13:31:54.596" endtime="20190914 13:31:55.121"></status>
</kw>
<kw name="Log To Console" library="BuiltIn">
<doc>Logs the given message to the console.</doc>
<arguments>
<arg>Clicked on Link</arg>
</arguments>
<status status="PASS" starttime="20190914 13:31:55.121" endtime="20190914 13:31:55.141"></status>
</kw>
<status status="PASS" starttime="20190914 13:31:54.596" endtime="20190914 13:31:55.141"></status>
</kw>
<kw name="Verify ONLINE BANKING LOGIN Tab is correctly opening" library="Keyword_TestFire">
<kw name="Get Text" library="Selenium2Library">
<doc>Returns the text value of element identified by ``locator``.</doc>
<arguments>
<arg>${linktxtOnlineBankingLogin}</arg>
</arguments>
<assign>
<var>${txtmsgOnlineBankingLogin}</var>
</assign>
<msg timestamp="20190914 13:31:55.196" level="INFO">${txtmsgOnlineBankingLogin} = Online Banking Login</msg>
<status status="PASS" starttime="20190914 13:31:55.149" endtime="20190914 13:31:55.200"></status>
</kw>
<kw name="Should Be Equal As Strings" library="BuiltIn">
<doc>Fails if objects are unequal after converting them to strings.</doc>
<arguments>
<arg>${txtmsgOnlineBankingLogin}</arg>
<arg>Online Banking Login</arg>
</arguments>
<status status="PASS" starttime="20190914 13:31:55.200" endtime="20190914 13:31:55.200"></status>
</kw>
<kw name="Log To Console" library="BuiltIn">
<doc>Logs the given message to the console.</doc>
<arguments>
<arg>tab open correctly</arg>
</arguments>
<status status="PASS" starttime="20190914 13:31:55.200" endtime="20190914 13:31:55.208"></status>
</kw>
<status status="PASS" starttime="20190914 13:31:55.145" endtime="20190914 13:31:55.208"></status>
</kw>
<kw name="Verify PERSONAL link is available" library="Keyword_TestFire">
<kw name="Get Text" library="Selenium2Library">
<doc>Returns the text value of element identified by ``locator``.</doc>
<arguments>
<arg>${linkPersonalTab}</arg>
</arguments>
<assign>
<var>${linkPersonal}</var>
</assign>
<msg timestamp="20190914 13:31:55.244" level="INFO">${linkPersonal} = PERSONAL</msg>
<status status="PASS" starttime="20190914 13:31:55.212" endtime="20190914 13:31:55.244"></status>
</kw>
<kw name="Run Keyword If" library="BuiltIn">
<doc>Runs the given keyword with the given arguments, if ``condition`` is true.</doc>
<arguments>
<arg>'${linkPersonal}'=='PERSONAL'</arg>
<arg>Log To Console</arg>
<arg>PERSONAL Link available</arg>
<arg>ELSE</arg>
<arg>Log To Console</arg>
<arg>PERSONAL Link is NOT available</arg>
</arguments>
<kw name="Log To Console" library="BuiltIn">
<doc>Logs the given message to the console.</doc>
<arguments>
<arg>PERSONAL Link available</arg>
</arguments>
<status status="PASS" starttime="20190914 13:31:55.244" endtime="20190914 13:31:55.244"></status>
</kw>
<status status="PASS" starttime="20190914 13:31:55.244" endtime="20190914 13:31:55.244"></status>
</kw>
<status status="PASS" starttime="20190914 13:31:55.208" endtime="20190914 13:31:55.244"></status>
</kw>
<kw name="Click on PERSONAL link" library="Keyword_TestFire">
<kw name="Click Element" library="Selenium2Library">
<doc>Click element identified by ``locator``.</doc>
<arguments>
<arg>${linkPersonalTab}</arg>
</arguments>
<msg timestamp="20190914 13:31:55.254" level="INFO">Clicking element 'xpath=//*[@id="LinkHeader2"]'.</msg>
<status status="PASS" starttime="20190914 13:31:55.254" endtime="20190914 13:31:56.365"></status>
</kw>
<kw name="Log To Console" library="BuiltIn">
<doc>Logs the given message to the console.</doc>
<arguments>
<arg>Clicked on PERSONAL Tab Link</arg>
</arguments>
<status status="PASS" starttime="20190914 13:31:56.365" endtime="20190914 13:31:56.371"></status>
</kw>
<status status="PASS" starttime="20190914 13:31:55.252" endtime="20190914 13:31:56.371"></status>
</kw>
<kw name="Verify PERSONAL Tab is correctly opening" library="Keyword_TestFire">
<kw name="Get Text" library="Selenium2Library">
<doc>Returns the text value of element identified by ``locator``.</doc>
<arguments>
<arg>${linktxtPersonal}</arg>
</arguments>
<assign>
<var>${txtmsgPersonal}</var>
</assign>
<msg timestamp="20190914 13:31:56.650" level="INFO">${txtmsgPersonal} = Personal</msg>
<status status="PASS" starttime="20190914 13:31:56.441" endtime="20190914 13:31:56.650"></status>
</kw>
<kw name="Run Keyword If" library="BuiltIn">
<doc>Runs the given keyword with the given arguments, if ``condition`` is true.</doc>
<arguments>
<arg>'${txtmsgPersonal}'=='Personal'</arg>
<arg>Log To Console</arg>
<arg>PERSONAL Tab is opening</arg>
<arg>ELSE</arg>
<arg>Log To Console</arg>
<arg>PERSONAL Tab is NOT opening</arg>
</arguments>
<kw name="Log To Console" library="BuiltIn">
<doc>Logs the given message to the console.</doc>
<arguments>
<arg>PERSONAL Tab is opening</arg>
</arguments>
<status status="PASS" starttime="20190914 13:31:56.654" endtime="20190914 13:31:56.695"></status>
</kw>
<status status="PASS" starttime="20190914 13:31:56.650" endtime="20190914 13:31:56.695"></status>
</kw>
<status status="PASS" starttime="20190914 13:31:56.437" endtime="20190914 13:31:56.695"></status>
</kw>
<kw name="Verify SMALL BUSINESS link is available" library="Keyword_TestFire">
<kw name="Get Text" library="Selenium2Library">
<doc>Returns the text value of element identified by ``locator``.</doc>
<arguments>
<arg>${linkSmallBusinessTab}</arg>
</arguments>
<assign>
<var>${linkSmallBusiness}</var>
</assign>
<msg timestamp="20190914 13:31:56.828" level="INFO">${linkSmallBusiness} = SMALL BUSINESS</msg>
<status status="PASS" starttime="20190914 13:31:56.717" endtime="20190914 13:31:56.828"></status>
</kw>
<kw name="Run Keyword If" library="BuiltIn">
<doc>Runs the given keyword with the given arguments, if ``condition`` is true.</doc>
<arguments>
<arg>'${linkSmallBusiness}'=='SMALL BUSINESS'</arg>
<arg>log to console</arg>
<arg>Verify SMALL BUSINESS link is available</arg>
<arg>ELSE</arg>
<arg>log to console</arg>
<arg>SMALL BUSINESS Link is NOT opening</arg>
</arguments>
<kw name="Log To Console" library="BuiltIn">
<doc>Logs the given message to the console.</doc>
<arguments>
<arg>Verify SMALL BUSINESS link is available</arg>
</arguments>
<status status="PASS" starttime="20190914 13:31:56.832" endtime="20190914 13:31:56.870"></status>
</kw>
<status status="PASS" starttime="20190914 13:31:56.828" endtime="20190914 13:31:56.870"></status>
</kw>
<status status="PASS" starttime="20190914 13:31:56.713" endtime="20190914 13:31:56.874"></status>
</kw>
<kw name="Click on SMALL BUSINESS link" library="Keyword_TestFire">
<kw name="Click Element" library="Selenium2Library">
<doc>Click element identified by ``locator``.</doc>
<arguments>
<arg>${linkSmallBusinessTab}</arg>
</arguments>
<msg timestamp="20190914 13:31:56.898" level="INFO">Clicking element 'xpath=//*[@id="LinkHeader3"]'.</msg>
<status status="PASS" starttime="20190914 13:31:56.894" endtime="20190914 13:31:57.904"></status>
</kw>
<kw name="Log To Console" library="BuiltIn">
<doc>Logs the given message to the console.</doc>
<arguments>
<arg>Clicked on Small Business Tab Link</arg>
</arguments>
<status status="PASS" starttime="20190914 13:31:57.908" endtime="20190914 13:31:57.935"></status>
</kw>
<status status="PASS" starttime="20190914 13:31:56.890" endtime="20190914 13:31:57.937"></status>
</kw>
<kw name="Verify SMALL BUSINESS Tab is correctly opening" library="Keyword_TestFire">
<kw name="Get Text" library="Selenium2Library">
<doc>Returns the text value of element identified by ``locator``.</doc>
<arguments>
<arg>${linktxtSmallBusiness}</arg>
</arguments>
<assign>
<var>${txtmsgSmallBusiness}</var>
</assign>
<msg timestamp="20190914 13:31:58.211" level="INFO">${txtmsgSmallBusiness} = Small Business</msg>
<status status="PASS" starttime="20190914 13:31:58.089" endtime="20190914 13:31:58.211"></status>
</kw>
<kw name="Run Keyword If" library="BuiltIn">
<doc>Runs the given keyword with the given arguments, if ``condition`` is true.</doc>
<arguments>
<arg>'${txtmsgSmallBusiness}'=='Small Business'</arg>
<arg>log to console</arg>
<arg>Verify SMALL BUSINESS link is available</arg>
<arg>ELSE</arg>
<arg>log to console</arg>
<arg>SMALL BUSINESS Link is NOT opening</arg>
</arguments>
<kw name="Log To Console" library="BuiltIn">
<doc>Logs the given message to the console.</doc>
<arguments>
<arg>Verify SMALL BUSINESS link is available</arg>
</arguments>
<status status="PASS" starttime="20190914 13:31:58.218" endtime="20190914 13:31:58.244"></status>
</kw>
<status status="PASS" starttime="20190914 13:31:58.211" endtime="20190914 13:31:58.244"></status>
</kw>
<status status="PASS" starttime="20190914 13:31:58.063" endtime="20190914 13:31:58.244"></status>
</kw>
<kw name="Verify INSIDE ALTORO MUTUAL link is available" library="Keyword_TestFire">
<kw name="Get Text" library="Selenium2Library">
<doc>Returns the text value of element identified by ``locator``.</doc>
<arguments>
<arg>${linkInsideAltoroMutualTab}</arg>
</arguments>
<assign>
<var>${linkInsideAltoroMutual}</var>
</assign>
<msg timestamp="20190914 13:31:58.358" level="INFO">${linkInsideAltoroMutual} = SMALL BUSINESS</msg>
<status status="PASS" starttime="20190914 13:31:58.252" endtime="20190914 13:31:58.358"></status>
</kw>
<kw name="Run Keyword If" library="BuiltIn">
<doc>Runs the given keyword with the given arguments, if ``condition`` is true.</doc>
<arguments>
<arg>'${linkInsideAltoroMutual}'=='INSIDE ALTORO MUTUAL'</arg>
<arg>log to console</arg>
<arg>Verify INSIDE ALTORO MUTUAL link is available</arg>
<arg>ELSE</arg>
<arg>log to console</arg>
<arg>INSIDE ALTORO MUTUAL Link is NOT opening</arg>
</arguments>
<kw name="Log To Console" library="BuiltIn">
<doc>Logs the given message to the console.</doc>
<arguments>
<arg>INSIDE ALTORO MUTUAL Link is NOT opening</arg>
</arguments>
<status status="PASS" starttime="20190914 13:31:58.366" endtime="20190914 13:31:58.398"></status>
</kw>
<status status="PASS" starttime="20190914 13:31:58.358" endtime="20190914 13:31:58.398"></status>
</kw>
<status status="PASS" starttime="20190914 13:31:58.248" endtime="20190914 13:31:58.402"></status>
</kw>
<kw name="Click on INSIDE ALTORO MUTUAL link" library="Keyword_TestFire">
<kw name="Click Element" library="Selenium2Library">
<doc>Click element identified by ``locator``.</doc>
<arguments>
<arg>${linkInsideAltoroMutualTab}</arg>
</arguments>
<msg timestamp="20190914 13:31:58.442" level="INFO">Clicking element 'xpath=//*[@id="LinkHeader3"]'.</msg>
<status status="PASS" starttime="20190914 13:31:58.442" endtime="20190914 13:31:59.304"></status>
</kw>
<kw name="Log To Console" library="BuiltIn">
<doc>Logs the given message to the console.</doc>
<arguments>
<arg>Clicked on INSIDE ALTORO MUTUAL Tab Link</arg>
</arguments>
<status status="PASS" starttime="20190914 13:31:59.304" endtime="20190914 13:31:59.304"></status>
</kw>
<status status="PASS" starttime="20190914 13:31:58.438" endtime="20190914 13:31:59.308"></status>
</kw>
<kw name="Verify INSIDE ALTORO MUTUAL Tab is correctly opening" library="Keyword_TestFire">
<kw name="Get Text" library="Selenium2Library">
<doc>Returns the text value of element identified by ``locator``.</doc>
<arguments>
<arg>${linktxtInsideAltoroMutual}</arg>
</arguments>
<assign>
<var>${txtmsgInsideAltoroMutual}</var>
</assign>
<msg timestamp="20190914 13:31:59.523" level="INFO">${txtmsgInsideAltoroMutual} = Small Business</msg>
<status status="PASS" starttime="20190914 13:31:59.312" endtime="20190914 13:31:59.523"></status>
</kw>
<kw name="Run Keyword If" library="BuiltIn">
<doc>Runs the given keyword with the given arguments, if ``condition`` is true.</doc>
<arguments>
<arg>'${txtmsgInsideAltoroMutual}'=='Inside Altoro'</arg>
<arg>log to console</arg>
<arg>Verify INSIDE ALTORO MUTUAL link is available</arg>
<arg>ELSE</arg>
<arg>log to console</arg>
<arg>INSIDE ALTORO MUTUAL Link is NOT opening</arg>
</arguments>
<kw name="Log To Console" library="BuiltIn">
<doc>Logs the given message to the console.</doc>
<arguments>
<arg>INSIDE ALTORO MUTUAL Link is NOT opening</arg>
</arguments>
<status status="PASS" starttime="20190914 13:31:59.531" endtime="20190914 13:31:59.542"></status>
</kw>
<status status="PASS" starttime="20190914 13:31:59.523" endtime="20190914 13:31:59.542"></status>
</kw>
<status status="PASS" starttime="20190914 13:31:59.308" endtime="20190914 13:31:59.542"></status>
</kw>
<kw name="Close the Browser" library="Keyword_TestFire" type="teardown">
<kw name="Close Browser" library="Selenium2Library">
<doc>Closes the current browser.</doc>
<status status="PASS" starttime="20190914 13:31:59.550" endtime="20190914 13:32:04.315"></status>
</kw>
<status status="PASS" starttime="20190914 13:31:59.550" endtime="20190914 13:32:04.315"></status>
</kw>
<doc>This is Verify that All 4 Tabs on Top available on 'http://demo.testfire.net/login' website</doc>
<tags>
<tag>All_4_Tabs_on_Top</tag>
</tags>
<status status="PASS" starttime="20190914 13:31:29.995" endtime="20190914 13:32:04.315" critical="yes"></status>
</test>
<test id="s1-t3" name="TestCase3: Verify that Login on testfire.net website">
<kw name="Open demo.testfire.net website and Maxmize" library="Keyword_TestFire">
<kw name="Open Browser" library="Selenium2Library">
<doc>Opens a new browser instance to the given ``url``.</doc>
<arguments>
<arg>${URL}</arg>
<arg>${Browser}</arg>
</arguments>
<msg timestamp="20190914 13:32:04.327" level="INFO">Opening browser 'Firefox' to base url 'http://demo.testfire.net/login.jsp'.</msg>
<status status="PASS" starttime="20190914 13:32:04.327" endtime="20190914 13:32:28.381"></status>
</kw>
<kw name="Maximize Browser Window" library="Selenium2Library">
<doc>Maximizes current browser window.</doc>
<status status="PASS" starttime="20190914 13:32:28.385" endtime="20190914 13:32:28.397"></status>
</kw>
<kw name="Log To Console" library="BuiltIn">
<doc>Logs the given message to the console.</doc>
<arguments>
<arg>Message: Browser Open successfully with website www.demo.testfire.com and Maximize Browser</arg>
</arguments>
<status status="PASS" starttime="20190914 13:32:28.397" endtime="20190914 13:32:28.397"></status>
</kw>
<status status="PASS" starttime="20190914 13:32:04.327" endtime="20190914 13:32:28.397"></status>
</kw>
<kw name="Click on ONLINE BANKING LOGIN link" library="Keyword_TestFire">
<kw name="Click Element" library="Selenium2Library">
<doc>Click element identified by ``locator``.</doc>
<arguments>
<arg>${linkOnlineBankingLoginTab}</arg>
</arguments>
<msg timestamp="20190914 13:32:28.401" level="INFO">Clicking element 'xpath=//*[@id="AccountLink"]'.</msg>
<status status="PASS" starttime="20190914 13:32:28.401" endtime="20190914 13:32:28.793"></status>
</kw>
<kw name="Log To Console" library="BuiltIn">
<doc>Logs the given message to the console.</doc>
<arguments>
<arg>Clicked on Link</arg>
</arguments>
<status status="PASS" starttime="20190914 13:32:28.793" endtime="20190914 13:32:28.797"></status>
</kw>
<status status="PASS" starttime="20190914 13:32:28.401" endtime="20190914 13:32:28.797"></status>
</kw>
<kw name="Verify Login Test with Excel" library="Keyword_TestFire">
<msg timestamp="20190914 13:32:28.801" level="FAIL">Keyword 'Keyword_TestFire.Verify Login Test with Excel' expected 2 arguments, got 0.</msg>
<status status="FAIL" starttime="20190914 13:32:28.801" endtime="20190914 13:32:28.801"></status>
</kw>
<doc>This is Verify that Login on 'http://demo.testfire.net/login' website</doc>
<tags>
<tag>Login_Test_with_Excel</tag>
</tags>
<status status="FAIL" starttime="20190914 13:32:04.323" endtime="20190914 13:32:28.801" critical="yes">Keyword 'Keyword_TestFire.Verify Login Test with Excel' expected 2 arguments, got 0.</status>
</test>
<doc>Testing demo.testfire.net Website</doc>
<status status="FAIL" starttime="20190914 13:30:59.188" endtime="20190914 13:32:28.805"></status>
</suite>
<statistics>
<total>
<stat pass="2" fail="1">Critical Tests</stat>
<stat pass="2" fail="1">All Tests</stat>
</total>
<tag>
<stat pass="1" fail="0">All_4_Tabs_on_Top</stat>
<stat pass="1" fail="0">AltoroMutual_logo</stat>
<stat pass="0" fail="1">Login_Test_with_Excel</stat>
</tag>
<suite>
<stat pass="2" fail="1" id="s1" name="TestFire">TestFire</stat>
</suite>
</statistics>
<errors>
<msg timestamp="20190914 13:30:59.766" level="ERROR">Error in file 'C:\Users\vikgaur\PycharmProjects\RobotAutomation\demo.testfire.net\TestSuite\TestFire.robot': Variable file '..\POHomePage\POHomePage.py' does not exist.</msg>
<msg timestamp="20190914 13:30:59.806" level="ERROR">Calling method '_start_suite' of listener 'DataDriver' failed: FileNotFoundError: File attribute was not a full path. Tried to find C:\Users\vikgaur\PycharmProjects\RobotAutomation\demo.testfire.net\TestSuite\../TestData/LoginData.xlsx but file does not exist.</msg>
</errors>
</robot>
