<?xml version="1.0" encoding="UTF-8"?>
<robot generator="Robot 3.1.2 (Python 3.7.4 on win32)" generated="20190915 20:05:37.541" rpa="false">
<suite id="s1" name="TestFire" source="C:\Users\vikgaur\PycharmProjects\RobotAutomation\demo.testfire.net\TestSuite\TestFire.robot">
<test id="s1-t1" name="TestCase5: Verfiy Fund Transfer from Account to Account and successful message received correctly on testfire.net website">
<kw name="Open demo.testfire.net website and Maxmize" library="Keyword_TestFire">
<kw name="Open Browser" library="Selenium2Library">
<doc>Opens a new browser instance to the given ``url``.</doc>
<arguments>
<arg>${URL}</arg>
<arg>${Browser}</arg>
</arguments>
<msg timestamp="20190915 20:05:37.861" level="INFO">Opening browser 'Firefox' to base url 'http://demo.testfire.net/login.jsp'.</msg>
<status status="PASS" starttime="20190915 20:05:37.861" endtime="20190915 20:05:58.742"></status>
</kw>
<kw name="Maximize Browser Window" library="Selenium2Library">
<doc>Maximizes current browser window.</doc>
<status status="PASS" starttime="20190915 20:05:58.742" endtime="20190915 20:05:58.770"></status>
</kw>
<kw name="Log To Console" library="BuiltIn">
<doc>Logs the given message to the console.</doc>
<arguments>
<arg>Verified Message: Browser Open successfully with website www.demo.testfire.com and Maximize Browser</arg>
</arguments>
<status status="PASS" starttime="20190915 20:05:58.770" endtime="20190915 20:05:58.778"></status>
</kw>
<status status="PASS" starttime="20190915 20:05:37.861" endtime="20190915 20:05:58.782"></status>
</kw>
<kw name="Click on ONLINE BANKING LOGIN link" library="Keyword_TestFire">
<kw name="Click Element" library="Selenium2Library">
<doc>Click element identified by ``locator``.</doc>
<arguments>
<arg>${linkOnlineBankingLoginTab}</arg>
</arguments>
<msg timestamp="20190915 20:05:58.790" level="INFO">Clicking element 'xpath=//*[@id="AccountLink"]'.</msg>
<status status="PASS" starttime="20190915 20:05:58.790" endtime="20190915 20:05:59.506"></status>
</kw>
<kw name="Log To Console" library="BuiltIn">
<doc>Logs the given message to the console.</doc>
<arguments>
<arg>Verified Clicked on Link</arg>
</arguments>
<status status="PASS" starttime="20190915 20:05:59.506" endtime="20190915 20:05:59.514"></status>
</kw>
<status status="PASS" starttime="20190915 20:05:58.790" endtime="20190915 20:05:59.514"></status>
</kw>
<kw name="Login Test with Valid Credential" library="Keyword_TestFire">
<kw name="Input Text" library="Selenium2Library">
<doc>Types the given ``text`` into text field identified by ``locator``.</doc>
<arguments>
<arg>${txtuserName_Xapth}</arg>
<arg>${u_ValidUserName}</arg>
</arguments>
<msg timestamp="20190915 20:05:59.534" level="INFO">Typing text 'jsmith' into text field 'xpath=//*[@id="uid"]'.</msg>
<status status="PASS" starttime="20190915 20:05:59.530" endtime="20190915 20:05:59.641"></status>
</kw>
<kw name="Input Text" library="Selenium2Library">
<doc>Types the given ``text`` into text field identified by ``locator``.</doc>
<arguments>
<arg>${txtpassword_Xpath}</arg>
<arg>${u_ValidPassword}</arg>
</arguments>
<msg timestamp="20190915 20:05:59.645" level="INFO">Typing text 'Demo1234' into text field 'xpath=//*[@id="passw"]'.</msg>
<status status="PASS" starttime="20190915 20:05:59.645" endtime="20190915 20:05:59.913"></status>
</kw>
<kw name="Click Element" library="Selenium2Library">
<doc>Click element identified by ``locator``.</doc>
<arguments>
<arg>${btnLogin_Xpath}</arg>
</arguments>
<msg timestamp="20190915 20:05:59.917" level="INFO">Clicking element 'xpath=//*[@id="login"]/table/tbody/tr[3]/td[2]/input'.</msg>
<status status="PASS" starttime="20190915 20:05:59.917" endtime="20190915 20:06:01.181"></status>
</kw>
<kw name="Log To Console" library="BuiltIn">
<doc>Logs the given message to the console.</doc>
<arguments>
<arg>Verified Login Test with Valid Credential</arg>
</arguments>
<status status="PASS" starttime="20190915 20:06:01.181" endtime="20190915 20:06:01.187"></status>
</kw>
<status status="PASS" starttime="20190915 20:05:59.530" endtime="20190915 20:06:01.187"></status>
</kw>
<kw name="Click on Transfer Fund Link in left hand navigation" library="Keyword_TestFire">
<kw name="Click Element" library="Selenium2Library">
<doc>Click element identified by ``locator``.</doc>
<arguments>
<arg>${linkTransferFund_Xpath}</arg>
</arguments>
<msg timestamp="20190915 20:06:01.212" level="INFO">Clicking element 'xpath=//*[@id="MenuHyperLink3"]'.</msg>
<status status="PASS" starttime="20190915 20:06:01.208" endtime="20190915 20:06:01.706"></status>
</kw>
<status status="PASS" starttime="20190915 20:06:01.208" endtime="20190915 20:06:01.706"></status>
</kw>
<kw name="Verify Transfer Fund page is opened" library="Keyword_TestFire">
<kw name="Get Text" library="Selenium2Library">
<doc>Returns the text value of element identified by ``locator``.</doc>
<arguments>
<arg>${txtTransferFund_Xpath}</arg>
</arguments>
<assign>
<var>${txtmsgTransferFund_Xpath}</var>
</assign>
<msg timestamp="20190915 20:06:01.762" level="INFO">${txtmsgTransferFund_Xpath} = Transfer Funds</msg>
<status status="PASS" starttime="20190915 20:06:01.710" endtime="20190915 20:06:01.762"></status>
</kw>
<kw name="Run Keyword If" library="BuiltIn">
<doc>Runs the given keyword with the given arguments, if ``condition`` is true.</doc>
<arguments>
<arg>'${txtmsgTransferFund_Xpath}'=='Transfer Funds'</arg>
<arg>log to console</arg>
<arg>Verified Transfer Fund page is opened</arg>
<arg>ELSE</arg>
<arg>log to console</arg>
<arg>Verified Transfer Fund page is openedy</arg>
</arguments>
<kw name="Log To Console" library="BuiltIn">
<doc>Logs the given message to the console.</doc>
<arguments>
<arg>Verified Transfer Fund page is opened</arg>
</arguments>
<status status="PASS" starttime="20190915 20:06:01.762" endtime="20190915 20:06:01.762"></status>
</kw>
<status status="PASS" starttime="20190915 20:06:01.762" endtime="20190915 20:06:01.762"></status>
</kw>
<status status="PASS" starttime="20190915 20:06:01.710" endtime="20190915 20:06:01.762"></status>
</kw>
<kw name="Select From Account &amp; To Account &amp; Amount to Transfer" library="Keyword_TestFire">
<kw name="Input Text" library="Selenium2Library">
<doc>Types the given ``text`` into text field identified by ``locator``.</doc>
<arguments>
<arg>${txtFundAmount_Xpath}</arg>
<arg>3000</arg>
</arguments>
<msg timestamp="20190915 20:06:01.762" level="INFO">Typing text '3000' into text field 'xpath=//*[@id="transferAmount"]'.</msg>
<status status="PASS" starttime="20190915 20:06:01.762" endtime="20190915 20:06:01.810"></status>
</kw>
<status status="PASS" starttime="20190915 20:06:01.762" endtime="20190915 20:06:01.810"></status>
</kw>
<kw name="Click on Transfer Money button" library="Keyword_TestFire">
<kw name="Click Element" library="Selenium2Library">
<doc>Click element identified by ``locator``.</doc>
<arguments>
<arg>${btnTransferMoney_Xpath}</arg>
</arguments>
<msg timestamp="20190915 20:06:01.813" level="INFO">Clicking element 'xpath=//*[@id="transfer"]'.</msg>
<status status="PASS" starttime="20190915 20:06:01.810" endtime="20190915 20:06:02.143"></status>
</kw>
<status status="PASS" starttime="20190915 20:06:01.810" endtime="20190915 20:06:02.143"></status>
</kw>
<kw name="Verify that a message is displayed with correct amount and from/to account details" library="Keyword_TestFire">
<kw name="Get Text" library="Selenium2Library">
<doc>Returns the text value of element identified by ``locator``.</doc>
<arguments>
<arg>${txtSuccessFundTransfer_Xapth}</arg>
</arguments>
<assign>
<var>${txtmsgSuccessFundTransfer_Xapth}</var>
</assign>
<kw name="Capture Page Screenshot" library="Selenium2Library">
<doc>Takes screenshot of the current page and embeds it into log file.</doc>
<msg timestamp="20190915 20:06:02.398" level="INFO" html="yes">&lt;/td&gt;&lt;/tr&gt;&lt;tr&gt;&lt;td colspan="3"&gt;&lt;a href="selenium-screenshot-27.png"&gt;&lt;img src="selenium-screenshot-27.png" width="800px"&gt;&lt;/a&gt;</msg>
<status status="PASS" starttime="20190915 20:06:02.187" endtime="20190915 20:06:02.402"></status>
</kw>
<msg timestamp="20190915 20:06:02.406" level="FAIL">UnexpectedAlertPresentException: Alert Text: None
Message: Dismissed user prompt dialog: From Account and To Account fields cannot be the same.
</msg>
<status status="FAIL" starttime="20190915 20:06:02.143" endtime="20190915 20:06:02.406"></status>
</kw>
<status status="FAIL" starttime="20190915 20:06:02.143" endtime="20190915 20:06:02.406"></status>
</kw>
<doc>This is Verify Verfiy Fund Transfer from Account to Account and successful message received correctly</doc>
<tags>
<tag>Fund_Transfer</tag>
</tags>
<status status="FAIL" starttime="20190915 20:05:37.861" endtime="20190915 20:06:02.410" critical="yes">UnexpectedAlertPresentException: Alert Text: None
Message: Dismissed user prompt dialog: From Account and To Account fields cannot be the same.
</status>
</test>
<doc>Testing demo.testfire.net Website</doc>
<status status="FAIL" starttime="20190915 20:05:37.541" endtime="20190915 20:06:02.422"></status>
</suite>
<statistics>
<total>
<stat pass="0" fail="1">Critical Tests</stat>
<stat pass="0" fail="1">All Tests</stat>
</total>
<tag>
<stat pass="0" fail="1">Fund_Transfer</stat>
</tag>
<suite>
<stat pass="0" fail="1" id="s1" name="TestFire">TestFire</stat>
</suite>
</statistics>
<errors>
</errors>
</robot>
